[diag] sample=10000 mask_mode=positional p=0.15 device=cuda
[DataProcessor] Applied temporal filter: WHERE Value NOT LIKE '%Steady%' | rows 432750 -> 352554
[DataProcessor] Applied temporal filter: WHERE ConceptName NOT LIKE '%_PATTERN%' | rows 352554 -> 334973
[diag] loading model from /workspace/autoresearch/code/checkpoints/phase3/ckpt_best.pt
[EMREncoder] Outcomes not in tokenizer vocab (ignored): ['ACIDOSIS_EVENT', 'KETOACIDOSIS_EVENT']
[EMREncoder]: Total params: 1.68 M

=== run_diagnostics  n_batches=4  p=0.15  mode=positional ===
[probe_mlm_accuracy] n=8724  top1=0.0940  top5=0.3180  majority_top1=0.0277
[probe_time_aux_residuals] t_pos: n=25318  mean=-0.0334  std=0.0278  p5=-0.0893, p25=-0.0491, p50=-0.0265, p75=-0.0126, p95=0.0002
[probe_time_aux_residuals] t_local: n=6668  mean=-0.0005  std=0.0210  p5=-0.0175, p25=0.0007, p50=0.0021, p75=0.0035, p95=0.0077
[probe_legality_starvation] n=5755  top1=0.0905  top5=0.3180  top20=0.7008
[probe_outcome_logit_distribution] per outcome risk logit stats:
  CARDIO-VASCULAR_DISORDER_EVENT           mean=-1.222  std=4.265  p5=-12.1959, p25=-1.3606, p50=0.2656, p75=1.2223, p95=2.0829
  DEATH_EVENT                              mean=-1.264  std=3.738  p5=-6.0058, p25=-4.3359, p50=-2.0653, p75=2.2077, p95=4.9584
  DISGLYCEMIA_EVENT_Hyperglycemia          mean=+0.281  std=4.994  p5=-10.6129, p25=-0.9735, p50=1.4150, p75=4.2215, p95=5.2177
  DISGLYCEMIA_EVENT_Hypoglycemia           mean=+0.179  std=2.798  p5=-6.8732, p25=-0.8160, p50=1.0431, p75=1.9008, p95=3.0661
  HYPEROSMOLALITY_EVENT                    mean=+0.798  std=3.079  p5=-6.4703, p25=0.5750, p50=1.6295, p75=2.6615, p95=3.6615
  KIDNEY_COMPLICATION_EVENT                mean=+0.363  std=3.187  p5=-6.8135, p25=-0.6947, p50=1.3614, p75=2.6120, p95=3.7593
[probe_pool_attention] mean attention entropy per outcome:
  CARDIO-VASCULAR_DISORDER_EVENT           entropy = 5.098
  DEATH_EVENT                              entropy = 4.308
  DISGLYCEMIA_EVENT_Hyperglycemia          entropy = 5.386
  DISGLYCEMIA_EVENT_Hypoglycemia           entropy = 5.491
  HYPEROSMOLALITY_EVENT                    entropy = 5.190
  KIDNEY_COMPLICATION_EVENT                entropy = 5.359
  RELEASE_EVENT                            entropy = 4.462
=== end run_diagnostics ===

[diag] done.
