[diag] sample=10000 mask_mode=positional p=0.15 device=cuda
[DataProcessor] Applied temporal filter: WHERE Value NOT LIKE '%Steady%' | rows 432750 -> 352554
[DataProcessor] Applied temporal filter: WHERE ConceptName NOT LIKE '%_PATTERN%' | rows 352554 -> 334973
[diag] loading model from /workspace/autoresearch/code/checkpoints/phase3/ckpt_best.pt
[EMREncoder] Outcomes not in tokenizer vocab (ignored): ['ACIDOSIS_EVENT', 'KETOACIDOSIS_EVENT']
[EMREncoder]: Total params: 1.68 M

=== run_diagnostics  n_batches=4  p=0.15  mode=positional ===
[probe_mlm_accuracy] n=8724  top1=0.0892  top5=0.3025  majority_top1=0.0277
[probe_time_aux_residuals] t_pos: n=25318  mean=-0.0268  std=0.0372  p5=-0.1011, p25=-0.0510, p50=-0.0176, p75=0.0032, p95=0.0176
[probe_time_aux_residuals] t_local: n=6668  mean=-0.0004  std=0.0212  p5=-0.0178, p25=0.0007, p50=0.0024, p75=0.0039, p95=0.0063
[probe_legality_starvation] n=5755  top1=0.0803  top5=0.2999  top20=0.6768
[probe_outcome_logit_distribution] per outcome risk logit stats:
  CARDIO-VASCULAR_DISORDER_EVENT           mean=-1.611  std=4.165  p5=-9.7358, p25=-2.7349, p50=-0.6527, p75=0.9970, p95=3.7153
  DEATH_EVENT                              mean=-2.215  std=5.872  p5=-9.6708, p25=-6.5975, p50=-5.0101, p75=3.6297, p95=8.2635
  DISGLYCEMIA_EVENT_Hyperglycemia          mean=+1.256  std=5.844  p5=-11.3623, p25=-1.4213, p50=2.3995, p75=6.3196, p95=7.9221
  DISGLYCEMIA_EVENT_Hypoglycemia           mean=-0.504  std=2.987  p5=-6.8613, p25=-1.9268, p50=-0.3025, p75=1.4954, p95=4.0759
  HYPEROSMOLALITY_EVENT                    mean=+1.635  std=3.741  p5=-6.9839, p25=0.5763, p50=2.6132, p75=4.5596, p95=5.5411
  KIDNEY_COMPLICATION_EVENT                mean=+1.384  std=3.653  p5=-4.6399, p25=-1.4287, p50=1.8924, p75=4.6350, p95=6.4207
[probe_pool_attention] mean attention entropy per outcome:
  CARDIO-VASCULAR_DISORDER_EVENT           entropy = 5.041
  DEATH_EVENT                              entropy = 4.793
  DISGLYCEMIA_EVENT_Hyperglycemia          entropy = 4.986
  DISGLYCEMIA_EVENT_Hypoglycemia           entropy = 5.316
  HYPEROSMOLALITY_EVENT                    entropy = 4.935
  KIDNEY_COMPLICATION_EVENT                entropy = 5.241
  RELEASE_EVENT                            entropy = 4.663
=== end run_diagnostics ===

[diag] done.
