[diag] sample=10000 mask_mode=positional p=0.15 device=cuda
[DataProcessor] Applied temporal filter: WHERE Value NOT LIKE '%Steady%' | rows 432750 -> 352554
[DataProcessor] Applied temporal filter: WHERE ConceptName NOT LIKE '%_PATTERN%' | rows 352554 -> 334973
[diag] loading model from /workspace/autoresearch/code/checkpoints/phase3/ckpt_best.pt
[EMREncoder] Outcomes not in tokenizer vocab (ignored): ['ACIDOSIS_EVENT', 'KETOACIDOSIS_EVENT']
[EMREncoder]: Total params: 1.68 M

=== run_diagnostics  n_batches=4  p=0.15  mode=positional ===
[probe_mlm_accuracy] n=8724  top1=0.0836  top5=0.2840  majority_top1=0.0277
[probe_time_aux_residuals] t_pos: n=25318  mean=-0.0124  std=0.0409  p5=-0.0941, p25=-0.0372, p50=0.0010, p75=0.0181, p95=0.0345
[probe_time_aux_residuals] t_local: n=6668  mean=0.0005  std=0.0219  p5=-0.0171, p25=0.0009, p50=0.0028, p75=0.0047, p95=0.0089
[probe_legality_starvation] n=5755  top1=0.0735  top5=0.2780  top20=0.6419
[probe_outcome_logit_distribution] per outcome risk logit stats:
  CARDIO-VASCULAR_DISORDER_EVENT           mean=-3.724  std=5.513  p5=-11.4449, p25=-7.3159, p50=-4.5417, p75=-1.0679, p95=8.3293
  DEATH_EVENT                              mean=-2.754  std=10.308  p5=-11.2838, p25=-10.2106, p50=-8.2310, p75=9.6932, p95=16.1583
  DISGLYCEMIA_EVENT_Hyperglycemia          mean=+3.519  std=10.670  p5=-13.2678, p25=-5.5848, p50=4.5928, p75=13.1672, p95=17.5609
  DISGLYCEMIA_EVENT_Hypoglycemia           mean=-3.287  std=7.508  p5=-12.5598, p25=-8.1425, p50=-4.8396, p75=-2.6308, p95=10.6429
  HYPEROSMOLALITY_EVENT                    mean=+2.387  std=5.791  p5=-7.8392, p25=-2.1890, p50=2.7669, p75=7.1845, p95=10.3649
  KIDNEY_COMPLICATION_EVENT                mean=+2.135  std=8.093  p5=-11.0740, p25=-4.5563, p50=4.9021, p75=9.6896, p95=11.3173
[probe_pool_attention] mean attention entropy per outcome:
  CARDIO-VASCULAR_DISORDER_EVENT           entropy = 5.600
  DEATH_EVENT                              entropy = 4.361
  DISGLYCEMIA_EVENT_Hyperglycemia          entropy = 5.245
  DISGLYCEMIA_EVENT_Hypoglycemia           entropy = 5.551
  HYPEROSMOLALITY_EVENT                    entropy = 5.169
  KIDNEY_COMPLICATION_EVENT                entropy = 5.493
  RELEASE_EVENT                            entropy = 4.940
=== end run_diagnostics ===

[diag] done.
