[diag] sample=10000 mask_mode=hierarchical p=0.15 device=cuda
[DataProcessor] Applied temporal filter: WHERE Value NOT LIKE '%Steady%' | rows 432750 -> 352554
[DataProcessor] Applied temporal filter: WHERE ConceptName NOT LIKE '%_PATTERN%' | rows 352554 -> 334973
[diag] loading model from /workspace/autoresearch/code/checkpoints/phase3/ckpt_best.pt
[EMREncoder] Outcomes not in tokenizer vocab (ignored): ['ACIDOSIS_EVENT', 'KETOACIDOSIS_EVENT']
[EMREncoder]: Total params: 1.68 M

=== run_diagnostics  n_batches=4  p=0.15  mode=hierarchical ===
[probe_mlm_accuracy] n=8724  top1=0.0935  top5=0.2989  majority_top1=0.0277
[probe_time_aux_residuals] t_pos: n=25318  mean=-0.0321  std=0.0308  p5=-0.0910, p25=-0.0529, p50=-0.0248, p75=-0.0083, p95=0.0064
[probe_time_aux_residuals] t_local: n=6668  mean=-0.0008  std=0.0234  p5=-0.0184, p25=0.0010, p50=0.0024, p75=0.0035, p95=0.0057
[probe_legality_starvation] n=5755  top1=0.0891  top5=0.2872  top20=0.6664
[probe_outcome_logit_distribution] per outcome risk logit stats:
  CARDIO-VASCULAR_DISORDER_EVENT           mean=-0.966  std=2.998  p5=-8.1286, p25=-1.6107, p50=0.0682, p75=0.9479, p95=1.9624
  DEATH_EVENT                              mean=-0.865  std=3.379  p5=-5.1831, p25=-3.9255, p50=-1.4458, p75=1.9994, p95=4.8094
  DISGLYCEMIA_EVENT_Hyperglycemia          mean=-0.124  std=4.724  p5=-10.1298, p25=-2.6482, p50=1.3722, p75=3.5523, p95=5.2328
  DISGLYCEMIA_EVENT_Hypoglycemia           mean=+0.076  std=2.250  p5=-5.8891, p25=-0.6349, p50=0.6870, p75=1.5406, p95=2.3778
  HYPEROSMOLALITY_EVENT                    mean=+0.753  std=3.585  p5=-7.9327, p25=-0.1673, p50=1.6195, p75=3.3294, p95=4.4666
  KIDNEY_COMPLICATION_EVENT                mean=+0.274  std=3.160  p5=-7.0212, p25=-0.5218, p50=0.9510, p75=2.1824, p95=3.8451
[probe_pool_attention] mean attention entropy per outcome:
  CARDIO-VASCULAR_DISORDER_EVENT           entropy = 4.996
  DEATH_EVENT                              entropy = 4.229
  DISGLYCEMIA_EVENT_Hyperglycemia          entropy = 5.159
  DISGLYCEMIA_EVENT_Hypoglycemia           entropy = 5.455
  HYPEROSMOLALITY_EVENT                    entropy = 5.071
  KIDNEY_COMPLICATION_EVENT                entropy = 5.047
  RELEASE_EVENT                            entropy = 4.351
=== end run_diagnostics ===

[diag] done.
